<?xml version="1.0" encoding="UTF-8"?>
<!-- Generated by org.testng.reporters.JUnitXMLReporter -->
<testsuite ignored="0" hostname="Sree" failures="0" tests="9" name="Test" time="148.034" errors="0" timestamp="2021-05-12T11:00:23 IST">
  <testcase classname="com.testcases.TestCases" name="clickUpComingBikes" time="13.176"/>
  <testcase classname="com.testcases.TestCases" name="selectHondaBikes" time="13.624"/>
  <testcase classname="com.testcases.TestCases" name="clickViewMore" time="13.574"/>
  <testcase classname="com.testcases.TestCases" name="displayUpcomingBikes" time="25.586"/>
  <testcase classname="com.testcases.TestCases" name="verifyHondaPage" time="0.055"/>
  <testcase classname="com.testcases.TestCases" name="selectChennai" time="12.309"/>
  <testcase classname="com.testcases.TestCases" name="getPopularModels" time="12.468"/>
  <testcase classname="com.testcases.TestCases" name="verifyChennai" time="0.077"/>
  <testcase classname="com.testcases.TestCases" name="clickLogin" time="30.269"/>
</testsuite> <!-- Test -->
