<?xml version="1.0" encoding="UTF-8"?>
<!-- Generated by org.testng.reporters.JUnitXMLReporter -->
<testsuite ignored="0" hostname="Sree" failures="0" tests="10" name="Default test" time="208.232" errors="0" timestamp="2021-05-11T09:45:12 IST">
  <testcase classname="com.testcases.TestCases" name="clickUpComingBikes" time="22.776"/>
  <testcase classname="com.testcases.TestCases" name="selectHondaBikes" time="12.403"/>
  <testcase classname="com.testcases.TestCases" name="clickViewMore" time="6.222"/>
  <testcase classname="com.testcases.TestCases" name="displayUpcomingBikes" time="11.26"/>
  <testcase classname="com.testcases.TestCases" name="verifyHondaPage" time="0.048"/>
  <testcase classname="com.testcases.TestCases" name="selectChennai" time="13.634"/>
  <testcase classname="com.testcases.TestCases" name="getPopularModels" time="13.397"/>
  <testcase classname="com.testcases.TestCases" name="verifyChennai" time="0.087"/>
  <testcase classname="com.testcases.TestCases" name="clickLogin" time="52.6"/>
  <testcase classname="com.testcases.TestCases" name="close" time="4.265"/>
</testsuite> <!-- Default test -->
